<?xml version="1.0" encoding="UTF-8"?>
<!-- Generated by org.testng.reporters.JUnitReportReporter -->
<testsuite hostname="Splash-13" failures="0" tests="1" name="rediff_Automation.Rediff_ComposeMail" time="0.011" errors="0" timestamp="2022-07-08T13:15:12 IST" skipped="0">
  <testcase classname="rediff_Automation.Rediff_ComposeMail" name="TC_2" time="0.011"/>
  <system-out/>
</testsuite> <!-- rediff_Automation.Rediff_ComposeMail -->
