<?xml version="1.0" encoding="UTF-8"?>
<!-- Generated by org.testng.reporters.JUnitReportReporter -->
<testsuite hostname="Splash-13" failures="0" tests="9" name="rediff_Automation.Rediff_ComposeAndSendMail" time="20.339" errors="0" timestamp="2022-07-08T22:10:27 IST" skipped="0">
  <testcase classname="rediff_Automation.Rediff_ComposeAndSendMail" name="TC_1" time="2.977"/>
  <system-out/>
  <testcase classname="rediff_Automation.Rediff_ComposeAndSendMail" name="TC_2" time="0.110"/>
  <system-out/>
  <testcase classname="rediff_Automation.Rediff_ComposeAndSendMail" name="TC_3" time="0.131"/>
  <system-out/>
  <testcase classname="rediff_Automation.Rediff_ComposeAndSendMail" name="TC_4" time="5.878"/>
  <system-out/>
  <testcase classname="rediff_Automation.Rediff_ComposeAndSendMail" name="TC_5" time="10.152"/>
  <system-out/>
  <testcase classname="rediff_Automation.Rediff_ComposeAndSendMail" name="TC_6" time="0.309"/>
  <system-out/>
  <testcase classname="rediff_Automation.Rediff_ComposeAndSendMail" name="TC_7" time="0.227"/>
  <system-out/>
  <testcase classname="rediff_Automation.Rediff_ComposeAndSendMail" name="TC_8" time="0.293"/>
  <system-out/>
  <testcase classname="rediff_Automation.Rediff_ComposeAndSendMail" name="TC_9" time="0.262"/>
  <system-out/>
</testsuite> <!-- rediff_Automation.Rediff_ComposeAndSendMail -->
